C:\Program Files (x86)\Arduino\hardware\arduino\boards.txt
        1 file(s) copied.
Name: Arduino Nano w/ ATmega328
Microcontroller: atmega328p
CPU Frequency: 16000000L
Programmer: arduino
Variant: eightanaloginputs
Upload Rate: 57600
Maximum file size for upload: 30720
abuild.bat: set path to: C:\Program Files (x86)\Arduino;C:\Program Files (x86)\Arduino\tools\avr\bin;C:\ProgramData\Oracle\Java\javapath;C:\Windows\System32;C:\Program Files (x86)\VisiCut;C:\Program Files\Java\jdk1.8.0_20\bin;C:\Python34\Scripts;C:\Program Files\Lenovo\Fingerprint Manager Pro\;C:\Program Files\Intel\WiFi\bin\;C:\Program Files\Common Files\Intel\WirelessCommon\;C:\Program Files\TortoiseGit\bin;C:\Program Files\Intel\WiFi\bin\;C:\Program Files\Common Files\Intel\WirelessCommon\;C:\Program Files (x86)\Arduino\hardware\tools\avr\bin
abuild.bat: sketch input file: positioning_system\examples\test_solver\test_solver.pde
abuild.bat: sketch extension: .pde
abuild.bat: found PDE file; will do minor preprocessing ==>  .\obj\test_solver.cpp
abuild.bat: Compiler output will go to:  .\obj
abuild.bat: deleting old .\obj\test_solver.elf
abuild.bat: deleting old .\obj\test_solver.hex
abuild.bat: deleting old .\obj\test_solver.rom
abuild.bat: avr-g++ -c -g -Os -Wall -fno-exceptions -ffunction-sections -fdata-sections -mmcu=atmega328p -DF_CPU=16000000L -MMD -DUSB_VID=null -DUSB_PID=null -DABUILD_BATCH=1 -I"C:\Program Files (x86)\Arduino\hardware\arduino\variants\eightanaloginputs" "-IC:\Program Files (x86)\Arduino\hardware\arduino\cores\arduino"  -I"C:\Users\cheche\Documents\programmiertes\positioning_system\library\obj" -I"C:\Users\cheche\Documents\programmiertes\positioning_system\library\positioning_system"  .\obj\test_solver.cpp -o .\obj\test_solver.cpp.o
abuild.bat: Forcing rebuild of runtime library because of -r option
abuild.bat: avr-gcc -c -g -Os -Wall -fno-exceptions -ffunction-sections -fdata-sections -mmcu=atmega328p -DF_CPU=16000000L -MMD -DUSB_VID=null -DUSB_PID=null -DABUILD_BATCH=1 -I"C:\Program Files (x86)\Arduino\hardware\arduino\variants\eightanaloginputs" "-IC:\Program Files (x86)\Arduino\hardware\arduino\cores\arduino"  -I"C:\Users\cheche\Documents\programmiertes\positioning_system\library\obj" -I"C:\Users\cheche\Documents\programmiertes\positioning_system\library\positioning_system" -w "C:\Program Files (x86)\Arduino\hardware\arduino\cores\arduino\WInterrupts.c" -o ".\obj\WInterrupts.c.o"
abuild.bat: avr-ar rcs .\obj\arduino_runtime_atmega328p_withlibs.a .\obj\WInterrupts.c.o
abuild.bat: avr-gcc -c -g -Os -Wall -fno-exceptions -ffunction-sections -fdata-sections -mmcu=atmega328p -DF_CPU=16000000L -MMD -DUSB_VID=null -DUSB_PID=null -DABUILD_BATCH=1 -I"C:\Program Files (x86)\Arduino\hardware\arduino\variants\eightanaloginputs" "-IC:\Program Files (x86)\Arduino\hardware\arduino\cores\arduino"  -I"C:\Users\cheche\Documents\programmiertes\positioning_system\library\obj" -I"C:\Users\cheche\Documents\programmiertes\positioning_system\library\positioning_system" -w "C:\Program Files (x86)\Arduino\hardware\arduino\cores\arduino\wiring.c" -o ".\obj\wiring.c.o"
abuild.bat: avr-ar rcs .\obj\arduino_runtime_atmega328p_withlibs.a .\obj\wiring.c.o
abuild.bat: avr-gcc -c -g -Os -Wall -fno-exceptions -ffunction-sections -fdata-sections -mmcu=atmega328p -DF_CPU=16000000L -MMD -DUSB_VID=null -DUSB_PID=null -DABUILD_BATCH=1 -I"C:\Program Files (x86)\Arduino\hardware\arduino\variants\eightanaloginputs" "-IC:\Program Files (x86)\Arduino\hardware\arduino\cores\arduino"  -I"C:\Users\cheche\Documents\programmiertes\positioning_system\library\obj" -I"C:\Users\cheche\Documents\programmiertes\positioning_system\library\positioning_system" -w "C:\Program Files (x86)\Arduino\hardware\arduino\cores\arduino\wiring_analog.c" -o ".\obj\wiring_analog.c.o"
abuild.bat: avr-ar rcs .\obj\arduino_runtime_atmega328p_withlibs.a .\obj\wiring_analog.c.o
abuild.bat: avr-gcc -c -g -Os -Wall -fno-exceptions -ffunction-sections -fdata-sections -mmcu=atmega328p -DF_CPU=16000000L -MMD -DUSB_VID=null -DUSB_PID=null -DABUILD_BATCH=1 -I"C:\Program Files (x86)\Arduino\hardware\arduino\variants\eightanaloginputs" "-IC:\Program Files (x86)\Arduino\hardware\arduino\cores\arduino"  -I"C:\Users\cheche\Documents\programmiertes\positioning_system\library\obj" -I"C:\Users\cheche\Documents\programmiertes\positioning_system\library\positioning_system" -w "C:\Program Files (x86)\Arduino\hardware\arduino\cores\arduino\wiring_digital.c" -o ".\obj\wiring_digital.c.o"
abuild.bat: avr-ar rcs .\obj\arduino_runtime_atmega328p_withlibs.a .\obj\wiring_digital.c.o
abuild.bat: avr-gcc -c -g -Os -Wall -fno-exceptions -ffunction-sections -fdata-sections -mmcu=atmega328p -DF_CPU=16000000L -MMD -DUSB_VID=null -DUSB_PID=null -DABUILD_BATCH=1 -I"C:\Program Files (x86)\Arduino\hardware\arduino\variants\eightanaloginputs" "-IC:\Program Files (x86)\Arduino\hardware\arduino\cores\arduino"  -I"C:\Users\cheche\Documents\programmiertes\positioning_system\library\obj" -I"C:\Users\cheche\Documents\programmiertes\positioning_system\library\positioning_system" -w "C:\Program Files (x86)\Arduino\hardware\arduino\cores\arduino\wiring_pulse.c" -o ".\obj\wiring_pulse.c.o"
abuild.bat: avr-ar rcs .\obj\arduino_runtime_atmega328p_withlibs.a .\obj\wiring_pulse.c.o
abuild.bat: avr-gcc -c -g -Os -Wall -fno-exceptions -ffunction-sections -fdata-sections -mmcu=atmega328p -DF_CPU=16000000L -MMD -DUSB_VID=null -DUSB_PID=null -DABUILD_BATCH=1 -I"C:\Program Files (x86)\Arduino\hardware\arduino\variants\eightanaloginputs" "-IC:\Program Files (x86)\Arduino\hardware\arduino\cores\arduino"  -I"C:\Users\cheche\Documents\programmiertes\positioning_system\library\obj" -I"C:\Users\cheche\Documents\programmiertes\positioning_system\library\positioning_system" -w "C:\Program Files (x86)\Arduino\hardware\arduino\cores\arduino\wiring_shift.c" -o ".\obj\wiring_shift.c.o"
abuild.bat: avr-ar rcs .\obj\arduino_runtime_atmega328p_withlibs.a .\obj\wiring_shift.c.o
abuild.bat: avr-g++ -c -g -Os -Wall -fno-exceptions -ffunction-sections -fdata-sections -mmcu=atmega328p -DF_CPU=16000000L -MMD -DUSB_VID=null -DUSB_PID=null -DABUILD_BATCH=1 -I"C:\Program Files (x86)\Arduino\hardware\arduino\variants\eightanaloginputs" "-IC:\Program Files (x86)\Arduino\hardware\arduino\cores\arduino"  -I"C:\Users\cheche\Documents\programmiertes\positioning_system\library\obj" -I"C:\Users\cheche\Documents\programmiertes\positioning_system\library\positioning_system"  "C:\Program Files (x86)\Arduino\hardware\arduino\cores\arduino\CDC.cpp" -o ".\obj\CDC.cpp.o"
abuild.bat: avr-ar rcs .\obj\arduino_runtime_atmega328p_withlibs.a .\obj\CDC.cpp.o
abuild.bat: avr-g++ -c -g -Os -Wall -fno-exceptions -ffunction-sections -fdata-sections -mmcu=atmega328p -DF_CPU=16000000L -MMD -DUSB_VID=null -DUSB_PID=null -DABUILD_BATCH=1 -I"C:\Program Files (x86)\Arduino\hardware\arduino\variants\eightanaloginputs" "-IC:\Program Files (x86)\Arduino\hardware\arduino\cores\arduino"  -I"C:\Users\cheche\Documents\programmiertes\positioning_system\library\obj" -I"C:\Users\cheche\Documents\programmiertes\positioning_system\library\positioning_system"  "C:\Program Files (x86)\Arduino\hardware\arduino\cores\arduino\HardwareSerial.cpp" -o ".\obj\HardwareSerial.cpp.o"
abuild.bat: avr-ar rcs .\obj\arduino_runtime_atmega328p_withlibs.a .\obj\HardwareSerial.cpp.o
abuild.bat: avr-g++ -c -g -Os -Wall -fno-exceptions -ffunction-sections -fdata-sections -mmcu=atmega328p -DF_CPU=16000000L -MMD -DUSB_VID=null -DUSB_PID=null -DABUILD_BATCH=1 -I"C:\Program Files (x86)\Arduino\hardware\arduino\variants\eightanaloginputs" "-IC:\Program Files (x86)\Arduino\hardware\arduino\cores\arduino"  -I"C:\Users\cheche\Documents\programmiertes\positioning_system\library\obj" -I"C:\Users\cheche\Documents\programmiertes\positioning_system\library\positioning_system"  "C:\Program Files (x86)\Arduino\hardware\arduino\cores\arduino\HID.cpp" -o ".\obj\HID.cpp.o"
abuild.bat: avr-ar rcs .\obj\arduino_runtime_atmega328p_withlibs.a .\obj\HID.cpp.o
abuild.bat: avr-g++ -c -g -Os -Wall -fno-exceptions -ffunction-sections -fdata-sections -mmcu=atmega328p -DF_CPU=16000000L -MMD -DUSB_VID=null -DUSB_PID=null -DABUILD_BATCH=1 -I"C:\Program Files (x86)\Arduino\hardware\arduino\variants\eightanaloginputs" "-IC:\Program Files (x86)\Arduino\hardware\arduino\cores\arduino"  -I"C:\Users\cheche\Documents\programmiertes\positioning_system\library\obj" -I"C:\Users\cheche\Documents\programmiertes\positioning_system\library\positioning_system"  "C:\Program Files (x86)\Arduino\hardware\arduino\cores\arduino\IPAddress.cpp" -o ".\obj\IPAddress.cpp.o"
abuild.bat: avr-ar rcs .\obj\arduino_runtime_atmega328p_withlibs.a .\obj\IPAddress.cpp.o
abuild.bat: avr-g++ -c -g -Os -Wall -fno-exceptions -ffunction-sections -fdata-sections -mmcu=atmega328p -DF_CPU=16000000L -MMD -DUSB_VID=null -DUSB_PID=null -DABUILD_BATCH=1 -I"C:\Program Files (x86)\Arduino\hardware\arduino\variants\eightanaloginputs" "-IC:\Program Files (x86)\Arduino\hardware\arduino\cores\arduino"  -I"C:\Users\cheche\Documents\programmiertes\positioning_system\library\obj" -I"C:\Users\cheche\Documents\programmiertes\positioning_system\library\positioning_system"  "C:\Program Files (x86)\Arduino\hardware\arduino\cores\arduino\main.cpp" -o ".\obj\main.cpp.o"
abuild.bat: avr-ar rcs .\obj\arduino_runtime_atmega328p_withlibs.a .\obj\main.cpp.o
abuild.bat: avr-g++ -c -g -Os -Wall -fno-exceptions -ffunction-sections -fdata-sections -mmcu=atmega328p -DF_CPU=16000000L -MMD -DUSB_VID=null -DUSB_PID=null -DABUILD_BATCH=1 -I"C:\Program Files (x86)\Arduino\hardware\arduino\variants\eightanaloginputs" "-IC:\Program Files (x86)\Arduino\hardware\arduino\cores\arduino"  -I"C:\Users\cheche\Documents\programmiertes\positioning_system\library\obj" -I"C:\Users\cheche\Documents\programmiertes\positioning_system\library\positioning_system"  "C:\Program Files (x86)\Arduino\hardware\arduino\cores\arduino\new.cpp" -o ".\obj\new.cpp.o"
abuild.bat: avr-ar rcs .\obj\arduino_runtime_atmega328p_withlibs.a .\obj\new.cpp.o
abuild.bat: avr-g++ -c -g -Os -Wall -fno-exceptions -ffunction-sections -fdata-sections -mmcu=atmega328p -DF_CPU=16000000L -MMD -DUSB_VID=null -DUSB_PID=null -DABUILD_BATCH=1 -I"C:\Program Files (x86)\Arduino\hardware\arduino\variants\eightanaloginputs" "-IC:\Program Files (x86)\Arduino\hardware\arduino\cores\arduino"  -I"C:\Users\cheche\Documents\programmiertes\positioning_system\library\obj" -I"C:\Users\cheche\Documents\programmiertes\positioning_system\library\positioning_system"  "C:\Program Files (x86)\Arduino\hardware\arduino\cores\arduino\Print.cpp" -o ".\obj\Print.cpp.o"
abuild.bat: avr-ar rcs .\obj\arduino_runtime_atmega328p_withlibs.a .\obj\Print.cpp.o
abuild.bat: avr-g++ -c -g -Os -Wall -fno-exceptions -ffunction-sections -fdata-sections -mmcu=atmega328p -DF_CPU=16000000L -MMD -DUSB_VID=null -DUSB_PID=null -DABUILD_BATCH=1 -I"C:\Program Files (x86)\Arduino\hardware\arduino\variants\eightanaloginputs" "-IC:\Program Files (x86)\Arduino\hardware\arduino\cores\arduino"  -I"C:\Users\cheche\Documents\programmiertes\positioning_system\library\obj" -I"C:\Users\cheche\Documents\programmiertes\positioning_system\library\positioning_system"  "C:\Program Files (x86)\Arduino\hardware\arduino\cores\arduino\Stream.cpp" -o ".\obj\Stream.cpp.o"
abuild.bat: avr-ar rcs .\obj\arduino_runtime_atmega328p_withlibs.a .\obj\Stream.cpp.o
abuild.bat: avr-g++ -c -g -Os -Wall -fno-exceptions -ffunction-sections -fdata-sections -mmcu=atmega328p -DF_CPU=16000000L -MMD -DUSB_VID=null -DUSB_PID=null -DABUILD_BATCH=1 -I"C:\Program Files (x86)\Arduino\hardware\arduino\variants\eightanaloginputs" "-IC:\Program Files (x86)\Arduino\hardware\arduino\cores\arduino"  -I"C:\Users\cheche\Documents\programmiertes\positioning_system\library\obj" -I"C:\Users\cheche\Documents\programmiertes\positioning_system\library\positioning_system"  "C:\Program Files (x86)\Arduino\hardware\arduino\cores\arduino\Tone.cpp" -o ".\obj\Tone.cpp.o"
abuild.bat: avr-ar rcs .\obj\arduino_runtime_atmega328p_withlibs.a .\obj\Tone.cpp.o
abuild.bat: avr-g++ -c -g -Os -Wall -fno-exceptions -ffunction-sections -fdata-sections -mmcu=atmega328p -DF_CPU=16000000L -MMD -DUSB_VID=null -DUSB_PID=null -DABUILD_BATCH=1 -I"C:\Program Files (x86)\Arduino\hardware\arduino\variants\eightanaloginputs" "-IC:\Program Files (x86)\Arduino\hardware\arduino\cores\arduino"  -I"C:\Users\cheche\Documents\programmiertes\positioning_system\library\obj" -I"C:\Users\cheche\Documents\programmiertes\positioning_system\library\positioning_system"  "C:\Program Files (x86)\Arduino\hardware\arduino\cores\arduino\USBCore.cpp" -o ".\obj\USBCore.cpp.o"
abuild.bat: avr-ar rcs .\obj\arduino_runtime_atmega328p_withlibs.a .\obj\USBCore.cpp.o
abuild.bat: avr-g++ -c -g -Os -Wall -fno-exceptions -ffunction-sections -fdata-sections -mmcu=atmega328p -DF_CPU=16000000L -MMD -DUSB_VID=null -DUSB_PID=null -DABUILD_BATCH=1 -I"C:\Program Files (x86)\Arduino\hardware\arduino\variants\eightanaloginputs" "-IC:\Program Files (x86)\Arduino\hardware\arduino\cores\arduino"  -I"C:\Users\cheche\Documents\programmiertes\positioning_system\library\obj" -I"C:\Users\cheche\Documents\programmiertes\positioning_system\library\positioning_system"  "C:\Program Files (x86)\Arduino\hardware\arduino\cores\arduino\WMath.cpp" -o ".\obj\WMath.cpp.o"
abuild.bat: avr-ar rcs .\obj\arduino_runtime_atmega328p_withlibs.a .\obj\WMath.cpp.o
abuild.bat: avr-g++ -c -g -Os -Wall -fno-exceptions -ffunction-sections -fdata-sections -mmcu=atmega328p -DF_CPU=16000000L -MMD -DUSB_VID=null -DUSB_PID=null -DABUILD_BATCH=1 -I"C:\Program Files (x86)\Arduino\hardware\arduino\variants\eightanaloginputs" "-IC:\Program Files (x86)\Arduino\hardware\arduino\cores\arduino"  -I"C:\Users\cheche\Documents\programmiertes\positioning_system\library\obj" -I"C:\Users\cheche\Documents\programmiertes\positioning_system\library\positioning_system"  "C:\Program Files (x86)\Arduino\hardware\arduino\cores\arduino\WString.cpp" -o ".\obj\WString.cpp.o"
abuild.bat: avr-ar rcs .\obj\arduino_runtime_atmega328p_withlibs.a .\obj\WString.cpp.o
abuild.bat: Building library: "C:\Users\cheche\Documents\Arduino1"
abuild.bat: avr-g++ -c -g -Os -Wall -fno-exceptions -ffunction-sections -fdata-sections -mmcu=atmega328p -DF_CPU=16000000L -MMD -DUSB_VID=null -DUSB_PID=null -DABUILD_BATCH=1 -I"C:\Program Files (x86)\Arduino\hardware\arduino\variants\eightanaloginputs" "-IC:\Program Files (x86)\Arduino\hardware\arduino\cores\arduino"  -I"C:\Users\cheche\Documents\programmiertes\positioning_system\library\obj" -I"C:\Users\cheche\Documents\programmiertes\positioning_system\library\positioning_system"  "C:\Users\cheche\Documents\programmiertes\positioning_system\library\obj\test_solver.cpp" -o ".\obj\test_solver.cpp.o"
abuild.bat: avr-ar rcs .\obj\arduino_runtime_atmega328p_withlibs.a .\obj\test_solver.cpp.o
abuild.bat: avr-g++ -c -g -Os -Wall -fno-exceptions -ffunction-sections -fdata-sections -mmcu=atmega328p -DF_CPU=16000000L -MMD -DUSB_VID=null -DUSB_PID=null -DABUILD_BATCH=1 -I"C:\Program Files (x86)\Arduino\hardware\arduino\variants\eightanaloginputs" "-IC:\Program Files (x86)\Arduino\hardware\arduino\cores\arduino"  -I"C:\Users\cheche\Documents\programmiertes\positioning_system\library\obj" -I"C:\Users\cheche\Documents\programmiertes\positioning_system\library\positioning_system"  "C:\Users\cheche\Documents\programmiertes\positioning_system\library\positioning_system\positioning_system.cpp" -o ".\obj\positioning_system.cpp.o"
abuild.bat: avr-ar rcs .\obj\arduino_runtime_atmega328p_withlibs.a .\obj\positioning_system.cpp.o
abuild.bat: avr-g++ -c -g -Os -Wall -fno-exceptions -ffunction-sections -fdata-sections -mmcu=atmega328p -DF_CPU=16000000L -MMD -DUSB_VID=null -DUSB_PID=null -DABUILD_BATCH=1 -I"C:\Program Files (x86)\Arduino\hardware\arduino\variants\eightanaloginputs" "-IC:\Program Files (x86)\Arduino\hardware\arduino\cores\arduino"  -I"C:\Users\cheche\Documents\programmiertes\positioning_system\library\obj" -I"C:\Users\cheche\Documents\programmiertes\positioning_system\library\positioning_system"  "C:\Users\cheche\Documents\programmiertes\positioning_system\library\positioning_system\solve.cpp" -o ".\obj\solve.cpp.o"
abuild.bat: avr-ar rcs .\obj\arduino_runtime_atmega328p_withlibs.a .\obj\solve.cpp.o
abuild.bat: avr-g++ -c -g -Os -Wall -fno-exceptions -ffunction-sections -fdata-sections -mmcu=atmega328p -DF_CPU=16000000L -MMD -DUSB_VID=null -DUSB_PID=null -DABUILD_BATCH=1 -I"C:\Program Files (x86)\Arduino\hardware\arduino\variants\eightanaloginputs" "-IC:\Program Files (x86)\Arduino\hardware\arduino\cores\arduino"  -I"C:\Users\cheche\Documents\programmiertes\positioning_system\library\obj" -I"C:\Users\cheche\Documents\programmiertes\positioning_system\library\positioning_system"  "C:\Users\cheche\Documents\programmiertes\positioning_system\library\positioning_system\test_positioning_system.cpp" -o ".\obj\test_positioning_system.cpp.o"
abuild.bat: avr-ar rcs .\obj\arduino_runtime_atmega328p_withlibs.a .\obj\test_positioning_system.cpp.o
abuild.bat: avr-g++ -c -g -Os -Wall -fno-exceptions -ffunction-sections -fdata-sections -mmcu=atmega328p -DF_CPU=16000000L -MMD -DUSB_VID=null -DUSB_PID=null -DABUILD_BATCH=1 -I"C:\Program Files (x86)\Arduino\hardware\arduino\variants\eightanaloginputs" "-IC:\Program Files (x86)\Arduino\hardware\arduino\cores\arduino"  -I"C:\Users\cheche\Documents\programmiertes\positioning_system\library\obj" -I"C:\Users\cheche\Documents\programmiertes\positioning_system\library\positioning_system"  "C:\Users\cheche\Documents\programmiertes\positioning_system\library\positioning_system\test_solve.cpp" -o ".\obj\test_solve.cpp.o"
abuild.bat: avr-ar rcs .\obj\arduino_runtime_atmega328p_withlibs.a .\obj\test_solve.cpp.o
abuild.bat: avr-gcc -Os -Wl,--gc-sections -lm -mmcu=atmega328p -o .\obj\test_solver.elf .\obj\test_solver.cpp.o .\obj\arduino_runtime_atmega328p_withlibs.a -L.\obj
abuild.bat: avr-objcopy -O srec -R .eeprom .\obj\test_solver.elf .\obj\test_solver.rom
abuild.bat: Successfully built .\obj\test_solver.rom
abuild.bat: avr-objcopy -O ihex -R .eeprom .\obj\test_solver.elf .\obj\test_solver.hex
abuild.bat: Successfully built .\obj\test_solver.hex
   text	   data	    bss	    dec	    hex	filename
      0	   1760	      0	   1760	    6e0	.\obj\test_solver.hex
abuild.bat: exiting with return value 0
Binary Sketchsize: 4963 bytes (out of a maximum of 30720 bytes)
aupload.bat:  exiting with return code 0
